Iniciando o Bot Auto Attack
iniciando...
consultando 0001.png
{file} é png
Capturando mapa (1192, 32, 123, 124)
Pesquisando monstros...
Tem monstro
Ninguém sendo atacado, vou atacar
checando...
next
consultando 0002.png
{file} é png
Healing Case 2, K:F3
Pesquisando monstros...
Tem monstro
Já está atacando, vou aproveitar para                                castar uma spell
Pesquisando monstros...
Tem monstro
Já está atacando, vou aproveitar para                                castar uma spell
Healing Case 2, K:F3
Pesquisando monstros...
Tem monstro
Já está atacando, vou aproveitar para                                castar uma spell
Pesquisando monstros...
Tem monstro
looting (544, 273)
looting (583, 273)
looting (622, 273)
looting (544, 312)
looting (583, 312)
looting (622, 312)
looting (544, 351)
looting (583, 351)
looting (622, 351)
Ninguém sendo atacado, vou atacar
Pesquisando monstros...
Tem monstro
Já está atacando, vou aproveitar para                                castar uma spell
Pesquisando monstros...
sem monstros
looting (544, 273)
looting (583, 273)
looting (622, 273)
looting (544, 312)
looting (583, 312)
looting (622, 312)
looting (544, 351)
looting (583, 351)
looting (622, 351)
Capturando mapa (1192, 32, 123, 124)
checando...
next
consultando 0003.png
{file} é png
Capturando mapa (1192, 32, 123, 124)
checando...
next
consultando 0004.png
{file} é png
Capturando mapa (1192, 32, 123, 124)
checando...
lesgooo
concatenou
(1246, 103)
Pesquisando monstros...
sem monstros
Pesquisando monstros...
sem monstros
Capturando mapa (1192, 32, 123, 124)
checando...
next
consultando 0005.png
{file} é png
Capturando mapa (1192, 32, 123, 124)
Pesquisando monstros...
sem monstros
checando...
next
consultando 0006.png
{file} é png
Capturando mapa (1192, 32, 123, 124)
checando...
next
consultando 0007.png
{file} é png
Capturando mapa (1192, 32, 123, 124)
checando...
next
consultando 0008.png
{file} é png
Capturando mapa (1192, 32, 123, 124)
Pesquisando monstros...
sem monstros
checando...
next
consultando 0009.png
{file} é png
Capturando mapa (1192, 32, 123, 124)
checando...
next
consultando 0010.png
{file} é png
Capturando mapa (1192, 32, 123, 124)
checando...
next
consultando 0011.png
{file} é png
Capturando mapa (1192, 32, 123, 124)
Pesquisando monstros...
sem monstros
checando...
next
consultando 0001.png
{file} é png
Capturando mapa (1192, 32, 123, 124)
Pesquisando monstros...
sem monstros
checando...
next
consultando 0002.png
{file} é png
Capturando mapa (1192, 32, 123, 124)
checando...
next
consultando 0003.png
{file} é png
Capturando mapa (1192, 32, 123, 124)
checando...
next
consultando 0004.png
{file} é png
Capturando mapa (1192, 32, 123, 124)
checando...
next
consultando 0005.png
{file} é png
Capturando mapa (1192, 32, 123, 124)
Pesquisando monstros...
sem monstros
checando...
next
consultando 0006.png
{file} é png
Capturando mapa (1192, 32, 123, 124)
checando...
next
consultando 0007.png
{file} é png
Capturando mapa (1192, 32, 123, 124)
checando...
next
consultando 0008.png
{file} é png
Capturando mapa (1192, 32, 123, 124)
Pesquisando monstros...
sem monstros
checando...
next
consultando 0009.png
{file} é png
Capturando mapa (1192, 32, 123, 124)
checando...
next
consultando 0010.png
{file} é png
Capturando mapa (1192, 32, 123, 124)
checando...
next
consultando 0011.png
{file} é png
Capturando mapa (1192, 32, 123, 124)
Pesquisando monstros...
sem monstros
checando...
next
consultando 0001.png
{file} é png
Capturando mapa (1192, 32, 123, 124)
Pesquisando monstros...
sem monstros
checando...
next
consultando 0002.png
{file} é png
Capturando mapa (1192, 32, 123, 124)
checando...
next
consultando 0003.png
{file} é png
Capturando mapa (1192, 32, 123, 124)
checando...
next
consultando 0004.png
{file} é png
Capturando mapa (1192, 32, 123, 124)
Pesquisando monstros...
Tem monstro
looting (544, 273)
checando...
next
consultando 0005.png
{file} é png
looting (583, 273)
looting (622, 273)
looting (544, 312)
looting (583, 312)
looting (622, 312)
looting (544, 351)
looting (583, 351)
looting (622, 351)
Ninguém sendo atacado, vou atacar
Pesquisando monstros...
Tem monstro
Já está atacando, vou aproveitar para                                castar uma spell
Pesquisando monstros...
Tem monstro
Já está atacando, vou aproveitar para                                castar uma spell
Pesquisando monstros...
Tem monstro
Já está atacando, vou aproveitar para                                castar uma spell
Pesquisando monstros...
sem monstros
looting (544, 273)
looting (583, 273)
looting (622, 273)
looting (544, 312)
looting (583, 312)
looting (622, 312)
looting (544, 351)
looting (583, 351)
looting (622, 351)
Capturando mapa (1192, 32, 123, 124)
checando...
next
consultando 0006.png
{file} é png
Capturando mapa (1192, 32, 123, 124)
checando...
next
consultando 0007.png
{file} é png
Capturando mapa (1192, 32, 123, 124)
checando...
next
consultando 0008.png
{file} é png
Capturando mapa (1192, 32, 123, 124)
Pesquisando monstros...
sem monstros
checando...
next
consultando 0009.png
{file} é png
Capturando mapa (1192, 32, 123, 124)
checando...
next
consultando 0010.png
{file} é png
Capturando mapa (1192, 32, 123, 124)
checando...
next
consultando 0011.png
{file} é png
Capturando mapa (1192, 32, 123, 124)
checando...
next
Pesquisando monstros...
sem monstros
consultando 0001.png
{file} é png
Capturando mapa (1192, 32, 123, 124)
Pesquisando monstros...
sem monstros
checando...
next
consultando 0002.png
{file} é png
Capturando mapa (1192, 32, 123, 124)
checando...
next
consultando 0003.png
{file} é png
Capturando mapa (1192, 32, 123, 124)
checando...
next
consultando 0004.png
{file} é png
Capturando mapa (1192, 32, 123, 124)
Pesquisando monstros...
sem monstros
checando...
lesgooo
concatenou
(1242, 91)
Pesquisando monstros...
sem monstros
Capturando mapa (1192, 32, 123, 124)
Pesquisando monstros...
sem monstros
checando...
next
consultando 0005.png
{file} é png
Capturando mapa (1192, 32, 123, 124)
checando...
next
consultando 0006.png
{file} é png
Capturando mapa (1192, 32, 123, 124)
checando...
next
consultando 0007.png
{file} é png
Capturando mapa (1192, 32, 123, 124)
checando...
next
consultando 0008.png
{file} é png
Capturando mapa (1192, 32, 123, 124)
Pesquisando monstros...
sem monstros
checando...
next
consultando 0009.png
{file} é png
Capturando mapa (1192, 32, 123, 124)
checando...
next
consultando 0010.png
{file} é png
Capturando mapa (1192, 32, 123, 124)
checando...
next
consultando 0011.png
{file} é png
Capturando mapa (1192, 32, 123, 124)
Pesquisando monstros...
sem monstros
checando...
next
consultando 0001.png
{file} é png
Capturando mapa (1192, 32, 123, 124)
Pesquisando monstros...
sem monstros
checando...
next
consultando 0002.png
{file} é png
Capturando mapa (1192, 32, 123, 124)
checando...
next
consultando 0003.png
{file} é png
Capturando mapa (1192, 32, 123, 124)
checando...
next
consultando 0004.png
{file} é png
Capturando mapa (1192, 32, 123, 124)
Pesquisando monstros...
sem monstros
checando...
next
consultando 0005.png
{file} é png
Capturando mapa (1192, 32, 123, 124)
checando...
next
consultando 0006.png
{file} é png
Capturando mapa (1192, 32, 123, 124)
checando...
next
consultando 0007.png
{file} é png
Capturando mapa (1192, 32, 123, 124)
Pesquisando monstros...
sem monstros
checando...
next
consultando 0008.png
{file} é png
Capturando mapa (1192, 32, 123, 124)
checando...
next
consultando 0009.png
{file} é png
Capturando mapa (1192, 32, 123, 124)
checando...
next
consultando 0010.png
{file} é png
Capturando mapa (1192, 32, 123, 124)
checando...
next
consultando 0011.png
{file} é png
Capturando mapa (1192, 32, 123, 124)
Pesquisando monstros...
sem monstros
checando...
next
Pesquisando monstros...
sem monstros
consultando 0001.png
{file} é png
Capturando mapa (1192, 32, 123, 124)
checando...
next
consultando 0002.png
{file} é png
Capturando mapa (1192, 32, 123, 124)
checando...
next
consultando 0003.png
{file} é png
Capturando mapa (1192, 32, 123, 124)
checando...
next
consultando 0004.png
{file} é png
Capturando mapa (1192, 32, 123, 124)
Pesquisando monstros...
sem monstros
checando...
lesgooo
concatenou
(1242, 91)
Pesquisando monstros...
sem monstros
Capturando mapa (1192, 32, 123, 124)
Pesquisando monstros...
sem monstros
checando...
lesgooo
concatenou
(1246, 91)
Pesquisando monstros...
sem monstros
Capturando mapa (1192, 32, 123, 124)
Pesquisando monstros...
sem monstros
checando...
lesgooo
concatenou
(1258, 91)
Pesquisando monstros...
sem monstros
Capturando mapa (1192, 32, 123, 124)
Pesquisando monstros...
sem monstros
checando...
next
consultando 0005.png
{file} é png
Capturando mapa (1192, 32, 123, 124)
checando...
lesgooo
concatenou
(1254, 63)
Pesquisando monstros...
sem monstros
Pesquisando monstros...
sem monstros
Capturando mapa (1192, 32, 123, 124)
checando...
lesgooo
concatenou
(1252, 71)
Pesquisando monstros...
sem monstros
Pesquisando monstros...
sem monstros
Capturando mapa (1192, 32, 123, 124)
checando...
lesgooo
concatenou
(1252, 81)
Pesquisando monstros...
sem monstros
Pesquisando monstros...
sem monstros
Capturando mapa (1192, 32, 123, 124)
checando...
next
consultando 0006.png
{file} é png
Capturando mapa (1192, 32, 123, 124)
checando...
next
consultando 0007.png
{file} é png
Capturando mapa (1192, 32, 123, 124)
checando...
next
consultando 0008.png
{file} é png
Capturando mapa (1192, 32, 123, 124)
Pesquisando monstros...
sem monstros
checando...
lesgooo
concatenou
(1243, 114)
Pesquisando monstros...
sem monstros
Capturando mapa (1192, 32, 123, 124)
Pesquisando monstros...
sem monstros
checando...
lesgooo
concatenou
(1245, 108)
Pesquisando monstros...
sem monstros
Capturando mapa (1192, 32, 123, 124)
Pesquisando monstros...
sem monstros
checando...
lesgooo
concatenou
(1247, 100)
Pesquisando monstros...
sem monstros
Capturando mapa (1192, 32, 123, 124)
Pesquisando monstros...
sem monstros
checando...
lesgooo
concatenou
(1249, 92)
Pesquisando monstros...
sem monstros
Capturando mapa (1192, 32, 123, 124)
Pesquisando monstros...
sem monstros
checando...
next
consultando 0009.png
{file} é png
Capturando mapa (1192, 32, 123, 124)
checando...
lesgooo
concatenou
(1202, 73)
Pesquisando monstros...
sem monstros
Pesquisando monstros...
sem monstros
Capturando mapa (1192, 32, 123, 124)
checando...
lesgooo
concatenou
(1204, 81)
Pesquisando monstros...
sem monstros
Pesquisando monstros...
sem monstros
Capturando mapa (1192, 32, 123, 124)
checando...
lesgooo
concatenou
(1206, 87)
Pesquisando monstros...
sem monstros
Pesquisando monstros...
Tem monstro
looting (544, 273)
looting (583, 273)
looting (622, 273)
looting (544, 312)
looting (583, 312)
looting (622, 312)
looting (544, 351)
looting (583, 351)
looting (622, 351)
Ninguém sendo atacado, vou atacar
Pesquisando monstros...
Tem monstro
Já está atacando, vou aproveitar para                                castar uma spell
Pesquisando monstros...
Tem monstro
looting (544, 273)
looting (583, 273)
looting (622, 273)
looting (544, 312)
looting (583, 312)
looting (622, 312)
looting (544, 351)
looting (583, 351)
looting (622, 351)
Ninguém sendo atacado, vou atacar
Pesquisando monstros...
Tem monstro
Já está atacando, vou aproveitar para                                castar uma spell
Pesquisando monstros...
Tem monstro
Já está atacando, vou aproveitar para                                castar uma spell
Pesquisando monstros...
Tem monstro
Já está atacando, vou aproveitar para                                castar uma spell
Pesquisando monstros...
Tem monstro
looting (544, 273)
looting (583, 273)
looting (622, 273)
looting (544, 312)
looting (583, 312)
looting (622, 312)
looting (544, 351)
looting (583, 351)
looting (622, 351)
Ninguém sendo atacado, vou atacar
Pesquisando monstros...
Tem monstro
Já está atacando, vou aproveitar para                                castar uma spell
Pesquisando monstros...
Tem monstro
Já está atacando, vou aproveitar para                                castar uma spell
Pesquisando monstros...
sem monstros
looting (544, 273)
looting (583, 273)
looting (622, 273)
looting (544, 312)
looting (583, 312)
looting (622, 312)
looting (544, 351)
looting (583, 351)
looting (622, 351)
Capturando mapa (1192, 32, 123, 124)
Pesquisando monstros...
sem monstros
checando...
lesgooo
concatenou
(1224, 91)
Pesquisando monstros...
sem monstros
Capturando mapa (1192, 32, 123, 124)
Pesquisando monstros...
Tem monstro
checando...
lesgooo
concatenou
(1234, 91)
looting (544, 273)
looting (583, 273)
looting (622, 273)
looting (544, 312)
looting (583, 312)
looting (622, 312)
looting (544, 351)
looting (583, 351)
looting (622, 351)
Ninguém sendo atacado, vou atacar
Pesquisando monstros...
Tem monstro
Já está atacando, vou aproveitar para                                castar uma spell
Pesquisando monstros...
Tem monstro
Já está atacando, vou aproveitar para                                castar uma spell
Pesquisando monstros...
Tem monstro
Já está atacando, vou aproveitar para                                castar uma spell
Pesquisando monstros...
Tem monstro
Já está atacando, vou aproveitar para                                castar uma spell
Pesquisando monstros...
Tem monstro
Já está atacando, vou aproveitar para                                castar uma spell
Pesquisando monstros...
Tem monstro
Já está atacando, vou aproveitar para                                castar uma spell
Pesquisando monstros...
Tem monstro
Já está atacando, vou aproveitar para                                castar uma spell
Pesquisando monstros...
Tem monstro
Já está atacando, vou aproveitar para                                castar uma spell
Pesquisando monstros...
Tem monstro
Já está atacando, vou aproveitar para                                castar uma spell
Pesquisando monstros...
Tem monstro
Já está atacando, vou aproveitar para                                castar uma spell
Pesquisando monstros...
Tem monstro
Já está atacando, vou aproveitar para                                castar uma spell
Pesquisando monstros...
Tem monstro
Já está atacando, vou aproveitar para                                castar uma spell
Pesquisando monstros...
Tem monstro
Já está atacando, vou aproveitar para                                castar uma spell
Pesquisando monstros...
Tem monstro
Já está atacando, vou aproveitar para                                castar uma spell
Pesquisando monstros...
Tem monstro
Já está atacando, vou aproveitar para                                castar uma spell
Pesquisando monstros...
Tem monstro
Já está atacando, vou aproveitar para                                castar uma spell
Pesquisando monstros...
Tem monstro
Já está atacando, vou aproveitar para                                castar uma spell
Pesquisando monstros...
Tem monstro
Já está atacando, vou aproveitar para                                castar uma spell
Pesquisando monstros...
Tem monstro
Já está atacando, vou aproveitar para                                castar uma spell
Pesquisando monstros...
Tem monstro
Já está atacando, vou aproveitar para                                castar uma spell
Pesquisando monstros...
Tem monstro
Já está atacando, vou aproveitar para                                castar uma spell
Pesquisando monstros...
Tem monstro
Já está atacando, vou aproveitar para                                castar uma spell
Pesquisando monstros...
Tem monstro
Já está atacando, vou aproveitar para                                castar uma spell
Pesquisando monstros...
Tem monstro
Já está atacando, vou aproveitar para                                castar uma spell
Pesquisando monstros...
Tem monstro
Já está atacando, vou aproveitar para                                castar uma spell
Pesquisando monstros...
Tem monstro
Já está atacando, vou aproveitar para                                castar uma spell
Pesquisando monstros...
Tem monstro
Já está atacando, vou aproveitar para                                castar uma spell
Pesquisando monstros...
Tem monstro
Já está atacando, vou aproveitar para                                castar uma spell
Pesquisando monstros...
Tem monstro
Já está atacando, vou aproveitar para                                castar uma spell
Pesquisando monstros...
Tem monstro
Já está atacando, vou aproveitar para                                castar uma spell
Pesquisando monstros...
Tem monstro
Trocando de alvo
Já está atacando, vou aproveitar para                                castar uma spell
Pesquisando monstros...
Tem monstro
Já está atacando, vou aproveitar para                                castar uma spell
Pesquisando monstros...
Tem monstro
looting (544, 273)
looting (583, 273)
looting (622, 273)
looting (544, 312)
looting (583, 312)
looting (622, 312)
looting (544, 351)
looting (583, 351)
looting (622, 351)
Ninguém sendo atacado, vou atacar
Pesquisando monstros...
Tem monstro
Já está atacando, vou aproveitar para                                castar uma spell
Pesquisando monstros...
Tem monstro
looting (544, 273)
looting (583, 273)
looting (622, 273)
looting (544, 312)
looting (583, 312)
looting (622, 312)
looting (544, 351)
looting (583, 351)
looting (622, 351)
Ninguém sendo atacado, vou atacar
Pesquisando monstros...
Tem monstro
Já está atacando, vou aproveitar para                                castar uma spell
Pesquisando monstros...
Tem monstro
Já está atacando, vou aproveitar para                                castar uma spell
Pesquisando monstros...
Tem monstro
Já está atacando, vou aproveitar para                                castar uma spell
Pesquisando monstros...
sem monstros
looting (544, 273)
looting (583, 273)
looting (622, 273)
looting (544, 312)
looting (583, 312)
looting (622, 312)
looting (544, 351)
looting (583, 351)
looting (622, 351)
Capturando mapa (1192, 32, 123, 124)
checando...
lesgooo
concatenou
(1240, 91)
Pesquisando monstros...
sem monstros
Pesquisando monstros...
sem monstros
Capturando mapa (1192, 32, 123, 124)
checando...
next
consultando 0010.png
{file} é png
Capturando mapa (1192, 32, 123, 124)
Pesquisando monstros...
sem monstros
checando...
lesgooo
concatenou
(1212, 63)
Pesquisando monstros...
sem monstros
Capturando mapa (1192, 32, 123, 124)
Pesquisando monstros...
checando...
lesgooo
concatenou
(1218, 67)
sem monstros
Pesquisando monstros...
sem monstros
Capturando mapa (1192, 32, 123, 124)
checando...
lesgooo
concatenou
(1224, 71)
Pesquisando monstros...
Tem monstro
looting (544, 273)
looting (583, 273)
looting (622, 273)
looting (544, 312)
looting (583, 312)
looting (622, 312)
looting (544, 351)
looting (583, 351)
looting (622, 351)
Ninguém sendo atacado, vou atacar
Pesquisando monstros...
Tem monstro
Já está atacando, vou aproveitar para                                castar uma spell
Pesquisando monstros...
Tem monstro
Já está atacando, vou aproveitar para                                castar uma spell
Pesquisando monstros...
Tem monstro
Já está atacando, vou aproveitar para                                castar uma spell
Pesquisando monstros...
Tem monstro
looting (544, 273)
looting (583, 273)
looting (622, 273)
looting (544, 312)
looting (583, 312)
looting (622, 312)
looting (544, 351)
looting (583, 351)
looting (622, 351)
Ninguém sendo atacado, vou atacar
Pesquisando monstros...
Tem monstro
Já está atacando, vou aproveitar para                                castar uma spell
Pesquisando monstros...
Tem monstro
Já está atacando, vou aproveitar para                                castar uma spell
Pesquisando monstros...
Tem monstro
Já está atacando, vou aproveitar para                                castar uma spell
Pesquisando monstros...
Tem monstro
looting (544, 273)
looting (583, 273)
looting (622, 273)
looting (544, 312)
looting (583, 312)
looting (622, 312)
looting (544, 351)
looting (583, 351)
looting (622, 351)
Ninguém sendo atacado, vou atacar
Pesquisando monstros...
Tem monstro
Já está atacando, vou aproveitar para                                castar uma spell
Pesquisando monstros...
Tem monstro
looting (544, 273)
looting (583, 273)
looting (622, 273)
looting (544, 312)
looting (583, 312)
looting (622, 312)
looting (544, 351)
looting (583, 351)
looting (622, 351)
Ninguém sendo atacado, vou atacar
Pesquisando monstros...
Tem monstro
Já está atacando, vou aproveitar para                                castar uma spell
Pesquisando monstros...
Tem monstro
Já está atacando, vou aproveitar para                                castar uma spell
Pesquisando monstros...
Tem monstro
Já está atacando, vou aproveitar para                                castar uma spell
Pesquisando monstros...
sem monstros
looting (544, 273)
looting (583, 273)
looting (622, 273)
looting (544, 312)
looting (583, 312)
looting (622, 312)
looting (544, 351)
looting (583, 351)
looting (622, 351)
Capturando mapa (1192, 32, 123, 124)
Pesquisando monstros...
sem monstros
checando...
lesgooo
concatenou
(1238, 75)
Pesquisando monstros...
sem monstros
Capturando mapa (1192, 32, 123, 124)
Pesquisando monstros...
sem monstros
checando...
lesgooo
concatenou
(1238, 83)
Pesquisando monstros...
sem monstros
Capturando mapa (1192, 32, 123, 124)
Pesquisando monstros...
Tem monstro
looting (544, 273)
checando...
lesgooo
concatenou
(1242, 89)
looting (583, 273)
looting (622, 273)
looting (544, 312)
looting (583, 312)
looting (622, 312)
looting (544, 351)
looting (583, 351)
looting (622, 351)
Ninguém sendo atacado, vou atacar
Pesquisando monstros...
Tem monstro
Já está atacando, vou aproveitar para                                castar uma spell
Pesquisando monstros...
Tem monstro
Já está atacando, vou aproveitar para                                castar uma spell
Pesquisando monstros...
sem monstros
looting (544, 273)
looting (583, 273)
looting (622, 273)
looting (544, 312)
looting (583, 312)
looting (622, 312)
looting (544, 351)
looting (583, 351)
looting (622, 351)
Healing Case 2, K:F3
Capturando mapa (1192, 32, 123, 124)
Pesquisando monstros...
sem monstros
checando...
lesgooo
concatenou
(1240, 89)
Mana Case 1, K:F2
Pesquisando monstros...
sem monstros
Mana Case 1, K:F2
Capturando mapa (1192, 32, 123, 124)
Pesquisando monstros...
sem monstros
checando...
next
consultando 0011.png
{file} é png
Capturando mapa (1192, 32, 123, 124)
checando...
lesgooo
concatenou
(1251, 121)
Mana Case 1, K:F2
Pesquisando monstros...
sem monstros
Pesquisando monstros...
sem monstros
Mana Case 1, K:F2
Capturando mapa (1192, 32, 123, 124)
checando...
lesgooo
concatenou
(1245, 117)
Pesquisando monstros...
sem monstros
Mana Case 1, K:F2
Pesquisando monstros...
sem monstros
Capturando mapa (1192, 32, 123, 124)
checando...
lesgooo
concatenou
(1241, 111)
Mana Case 1, K:F2
Pesquisando monstros...
sem monstros
Mana Case 1, K:F2
Pesquisando monstros...
sem monstros
Capturando mapa (1192, 32, 123, 124)
checando...
lesgooo
concatenou
(1243, 103)
Mana Case 1, K:F2
Pesquisando monstros...
sem monstros
Capturando mapa (1192, 32, 123, 124)
Pesquisando monstros...
sem monstros
Mana Case 1, K:F2
checando...
lesgooo
concatenou
(1245, 99)
Pesquisando monstros...
sem monstros
Mana Case 1, K:F2
Capturando mapa (1192, 32, 123, 124)
Pesquisando monstros...
sem monstros
checando...
lesgooo
concatenou
(1247, 93)
Mana Case 1, K:F2
Pesquisando monstros...
sem monstros
Mana Case 1, K:F2
Capturando mapa (1192, 32, 123, 124)
Pesquisando monstros...
sem monstros
checando...
next
Pesquisando monstros...
sem monstros
consultando 0001.png
{file} é png
Capturando mapa (1192, 32, 123, 124)
Mana Case 1, K:F2
checando...
next
consultando 0002.png
{file} é png
Capturando mapa (1192, 32, 123, 124)
checando...
lesgooo
concatenou
(1244, 57)
Pesquisando monstros...
sem monstros
Mana Case 1, K:F2
Pesquisando monstros...
sem monstros
Capturando mapa (1192, 32, 123, 124)
Mana Case 1, K:F2
checando...
lesgooo
concatenou
(1242, 63)
Pesquisando monstros...
sem monstros
Mana Case 1, K:F2
Pesquisando monstros...
sem monstros
Capturando mapa (1192, 32, 123, 124)
checando...
lesgooo
concatenou
(1240, 71)
Pesquisando monstros...
sem monstros
Pesquisando monstros...
sem monstros
Capturando mapa (1192, 32, 123, 124)
checando...
lesgooo
concatenou
(1238, 79)
Pesquisando monstros...
sem monstros
Pesquisando monstros...
sem monstros
Capturando mapa (1192, 32, 123, 124)
checando...
lesgooo
concatenou
(1242, 85)
Pesquisando monstros...
sem monstros
Pesquisando monstros...
sem monstros
Capturando mapa (1192, 32, 123, 124)
checando...
next
consultando 0003.png
{file} é png
Capturando mapa (1192, 32, 123, 124)
checando...
lesgooo
concatenou
(1284, 115)
Pesquisando monstros...
sem monstros
Pesquisando monstros...
sem monstros
Capturando mapa (1192, 32, 123, 124)
checando...
lesgooo
concatenou
(1278, 111)
Pesquisando monstros...
sem monstros
Pesquisando monstros...
sem monstros
Capturando mapa (1192, 32, 123, 124)
checando...
lesgooo
concatenou
(1272, 107)
Pesquisando monstros...
sem monstros
Pesquisando monstros...
sem monstros
Capturando mapa (1192, 32, 123, 124)
checando...
lesgooo
concatenou
(1268, 101)
Pesquisando monstros...
sem monstros
Pesquisando monstros...
sem monstros
Capturando mapa (1192, 32, 123, 124)
checando...
lesgooo
concatenou
(1260, 99)
Pesquisando monstros...
Tem monstro
looting (544, 273)
looting (583, 273)
looting (622, 273)
looting (544, 312)
looting (583, 312)
looting (622, 312)
looting (544, 351)
looting (583, 351)
looting (622, 351)
Ninguém sendo atacado, vou atacar
Pesquisando monstros...
Tem monstro
Já está atacando, vou aproveitar para                                castar uma spell
Pesquisando monstros...
Tem monstro
Já está atacando, vou aproveitar para                                castar uma spell
Pesquisando monstros...
Tem monstro
Já está atacando, vou aproveitar para                                castar uma spell
Pesquisando monstros...
sem monstros
looting (544, 273)
looting (583, 273)
looting (622, 273)
looting (544, 312)
looting (583, 312)
looting (622, 312)
looting (544, 351)
looting (583, 351)
looting (622, 351)
Capturando mapa (1192, 32, 123, 124)
checando...
lesgooo
concatenou
(1254, 91)
Pesquisando monstros...
sem monstros
Capturando mapa (1192, 32, 123, 124)
Pesquisando monstros...
Tem monstro
looting (544, 273)
looting (583, 273)
looting (622, 273)
checando...
next
consultando 0004.png
{file} é png
looting (544, 312)
looting (583, 312)
looting (622, 312)
looting (544, 351)
looting (583, 351)
looting (622, 351)
Ninguém sendo atacado, vou atacar
Pesquisando monstros...
Tem monstro
Já está atacando, vou aproveitar para                                castar uma spell
Pesquisando monstros...
Tem monstro
Já está atacando, vou aproveitar para                                castar uma spell
Pesquisando monstros...
Tem monstro
Já está atacando, vou aproveitar para                                castar uma spell
Pesquisando monstros...
Tem monstro
Já está atacando, vou aproveitar para                                castar uma spell
Pesquisando monstros...
sem monstros
looting (544, 273)
looting (583, 273)
looting (622, 273)
looting (544, 312)
looting (583, 312)
looting (622, 312)
looting (544, 351)
looting (583, 351)
looting (622, 351)
Capturando mapa (1192, 32, 123, 124)
Pesquisando monstros...
sem monstros
checando...
lesgooo
concatenou
(1289, 106)
Pesquisando monstros...
sem monstros
Capturando mapa (1192, 32, 123, 124)
Pesquisando monstros...
sem monstros
checando...
lesgooo
concatenou
(1283, 108)
Pesquisando monstros...
Tem monstro
looting (544, 273)
looting (583, 273)
looting (622, 273)
looting (544, 312)
looting (583, 312)
looting (622, 312)
looting (544, 351)
looting (583, 351)
looting (622, 351)
Ninguém sendo atacado, vou atacar
Pesquisando monstros...
Tem monstro
Já está atacando, vou aproveitar para                                castar uma spell
Pesquisando monstros...
Tem monstro
Já está atacando, vou aproveitar para                                castar uma spell
Pesquisando monstros...
Tem monstro
Já está atacando, vou aproveitar para                                castar uma spell
Pesquisando monstros...
sem monstros
looting (544, 273)
looting (583, 273)
looting (622, 273)
looting (544, 312)
looting (583, 312)
looting (622, 312)
looting (544, 351)
looting (583, 351)
looting (622, 351)
Capturando mapa (1192, 32, 123, 124)
checando...
lesgooo
concatenou
(1271, 104)
Pesquisando monstros...
Tem monstro
looting (544, 273)
looting (583, 273)
looting (622, 273)
looting (544, 312)
looting (583, 312)
looting (622, 312)
looting (544, 351)
looting (583, 351)
looting (622, 351)
Ninguém sendo atacado, vou atacar
Pesquisando monstros...
Tem monstro
Já está atacando, vou aproveitar para                                castar uma spell
Pesquisando monstros...
sem monstros
looting (544, 273)
looting (583, 273)
looting (622, 273)
looting (544, 312)
looting (583, 312)
looting (622, 312)
looting (544, 351)
looting (583, 351)
looting (622, 351)
Capturando mapa (1192, 32, 123, 124)
Pesquisando monstros...
sem monstros
checando...
lesgooo
concatenou
(1263, 104)
Pesquisando monstros...
Tem monstro
looting (544, 273)
looting (583, 273)
looting (622, 273)
looting (544, 312)
looting (583, 312)
looting (622, 312)
looting (544, 351)
looting (583, 351)
looting (622, 351)
Ninguém sendo atacado, vou atacar
Pesquisando monstros...
Tem monstro
Já está atacando, vou aproveitar para                                castar uma spell
Pesquisando monstros...
Tem monstro
Já está atacando, vou aproveitar para                                castar uma spell
Pesquisando monstros...
Tem monstro
Já está atacando, vou aproveitar para                                castar uma spell
Pesquisando monstros...
Tem monstro
looting (544, 273)
looting (583, 273)
looting (622, 273)
looting (544, 312)
looting (583, 312)
looting (622, 312)
looting (544, 351)
looting (583, 351)
looting (622, 351)
Ninguém sendo atacado, vou atacar
Pesquisando monstros...
Tem monstro
Já está atacando, vou aproveitar para                                castar uma spell
Pesquisando monstros...
sem monstros
looting (544, 273)
looting (583, 273)
looting (622, 273)
looting (544, 312)
looting (583, 312)
looting (622, 312)
looting (544, 351)
looting (583, 351)
looting (622, 351)
Capturando mapa (1192, 32, 123, 124)
Pesquisando monstros...
sem monstros
checando...
lesgooo
concatenou
(1249, 104)
Pesquisando monstros...
sem monstros
Capturando mapa (1192, 32, 123, 124)
Pesquisando monstros...
sem monstros
checando...
lesgooo
concatenou
(1249, 96)
Pesquisando monstros...
sem monstros
Capturando mapa (1192, 32, 123, 124)
Pesquisando monstros...
sem monstros
checando...
next
consultando 0005.png
{file} é png
Capturando mapa (1192, 32, 123, 124)
checando...
lesgooo
concatenou
(1254, 63)
Pesquisando monstros...
sem monstros
Pesquisando monstros...
Capturando mapa (1192, 32, 123, 124)
sem monstros
checando...
lesgooo
concatenou
(1252, 71)
Pesquisando monstros...
sem monstros
Capturando mapa (1192, 32, 123, 124)
Pesquisando monstros...
sem monstros
checando...
lesgooo
concatenou
(1252, 81)
Pesquisando monstros...
sem monstros
Capturando mapa (1192, 32, 123, 124)
Pesquisando monstros...
sem monstros
checando...
next
consultando 0006.png
{file} é png
Capturando mapa (1192, 32, 123, 124)
checando...
next
consultando 0007.png
{file} é png
Capturando mapa (1192, 32, 123, 124)
checando...
next
consultando 0008.png
{file} é png
Capturando mapa (1192, 32, 123, 124)
Pesquisando monstros...
sem monstros
checando...
lesgooo
concatenou
(1243, 114)
Pesquisando monstros...
sem monstros
Capturando mapa (1192, 32, 123, 124)
Pesquisando monstros...
sem monstros
checando...
lesgooo
concatenou
(1247, 108)
Pesquisando monstros...
sem monstros
Capturando mapa (1192, 32, 123, 124)
Pesquisando monstros...
sem monstros
checando...
lesgooo
concatenou
(1247, 100)
Pesquisando monstros...
sem monstros
Capturando mapa (1192, 32, 123, 124)
Pesquisando monstros...
sem monstros
checando...
lesgooo
concatenou
(1249, 92)
Pesquisando monstros...
sem monstros
Capturando mapa (1192, 32, 123, 124)
checando...
next
consultando 0009.png
{file} é png
Capturando mapa (1192, 32, 123, 124)
Pesquisando monstros...
sem monstros
checando...
lesgooo
concatenou
(1202, 73)
Pesquisando monstros...
sem monstros
Capturando mapa (1192, 32, 123, 124)
Pesquisando monstros...
Tem monstro
looting (544, 273)
looting (583, 273)
checando...
lesgooo
concatenou
(1204, 81)
looting (622, 273)
looting (544, 312)
looting (583, 312)
looting (622, 312)
looting (544, 351)
looting (583, 351)
looting (622, 351)
Ninguém sendo atacado, vou atacar
Pesquisando monstros...
Tem monstro
Já está atacando, vou aproveitar para                                castar uma spell
Pesquisando monstros...
sem monstros
looting (544, 273)
looting (583, 273)
looting (622, 273)
looting (544, 312)
looting (583, 312)
looting (622, 312)
looting (544, 351)
looting (583, 351)
looting (622, 351)
ERROR GET STATUS: 'NoneType' object is not subscriptable
ERROR GET STATUS: 'NoneType' object is not subscriptable
ERROR GET STATUS: 'NoneType' object is not subscriptable
ERROR GET STATUS: 'NoneType' object is not subscriptable
ERROR GET STATUS: 'NoneType' object is not subscriptable
ERROR GET STATUS: 'NoneType' object is not subscriptable
ERROR GET STATUS: 'NoneType' object is not subscriptable
ERROR GET STATUS: 'NoneType' object is not subscriptable
ERROR GET STATUS: 'NoneType' object is not subscriptable
ERROR GET STATUS: 'NoneType' object is not subscriptable
ERROR GET STATUS: 'NoneType' object is not subscriptable
ERROR GET STATUS: 'NoneType' object is not subscriptable
ERROR GET STATUS: 'NoneType' object is not subscriptable
ERROR GET STATUS: 'NoneType' object is not subscriptable
ERROR GET STATUS: 'NoneType' object is not subscriptable
ERROR GET STATUS: 'NoneType' object is not subscriptable
ERROR GET STATUS: 'NoneType' object is not subscriptable
ERROR GET STATUS: 'NoneType' object is not subscriptable
ERROR GET STATUS: 'NoneType' object is not subscriptable
ERROR GET STATUS: 'NoneType' object is not subscriptable
ERROR GET STATUS: 'NoneType' object is not subscriptable
ERROR GET STATUS: 'NoneType' object is not subscriptable
ERROR GET STATUS: 'NoneType' object is not subscriptable
ERROR GET STATUS: 'NoneType' object is not subscriptable
ERROR GET STATUS: 'NoneType' object is not subscriptable
ERROR GET STATUS: 'NoneType' object is not subscriptable
ERROR GET STATUS: 'NoneType' object is not subscriptable
ERROR GET STATUS: 'NoneType' object is not subscriptable
ERROR GET STATUS: 'NoneType' object is not subscriptable
ERROR GET STATUS: 'NoneType' object is not subscriptable
ERROR GET STATUS: 'NoneType' object is not subscriptable
ERROR GET STATUS: 'NoneType' object is not subscriptable
ERROR GET STATUS: 'NoneType' object is not subscriptable
ERROR GET STATUS: 'NoneType' object is not subscriptable
ERROR GET STATUS: 'NoneType' object is not subscriptable
ERROR GET STATUS: 'NoneType' object is not subscriptable
ERROR GET STATUS: 'NoneType' object is not subscriptable
ERROR GET STATUS: 'NoneType' object is not subscriptable
ERROR GET STATUS: 'NoneType' object is not subscriptable
ERROR GET STATUS: 'NoneType' object is not subscriptable
ERROR GET STATUS: 'NoneType' object is not subscriptable
ERROR GET STATUS: 'NoneType' object is not subscriptable
ERROR GET STATUS: 'NoneType' object is not subscriptable
ERROR GET STATUS: 'NoneType' object is not subscriptable
ERROR GET STATUS: 'NoneType' object is not subscriptable
ERROR GET STATUS: 'NoneType' object is not subscriptable
ERROR GET STATUS: 'NoneType' object is not subscriptable
ERROR GET STATUS: 'NoneType' object is not subscriptable
ERROR GET STATUS: 'NoneType' object is not subscriptable
ERROR GET STATUS: 'NoneType' object is not subscriptable
ERROR GET STATUS: 'NoneType' object is not subscriptable
ERROR GET STATUS: 'NoneType' object is not subscriptable
ERROR GET STATUS: 'NoneType' object is not subscriptable
ERROR GET STATUS: 'NoneType' object is not subscriptable
ERROR GET STATUS: 'NoneType' object is not subscriptable
ERROR GET STATUS: 'NoneType' object is not subscriptable
ERROR GET STATUS: 'NoneType' object is not subscriptable
ERROR GET STATUS: 'NoneType' object is not subscriptable
ERROR GET STATUS: 'NoneType' object is not subscriptable
ERROR GET STATUS: 'NoneType' object is not subscriptable
ERROR GET STATUS: 'NoneType' object is not subscriptable
ERROR GET STATUS: 'NoneType' object is not subscriptable
ERROR GET STATUS: 'NoneType' object is not subscriptable
ERROR GET STATUS: 'NoneType' object is not subscriptable
ERROR GET STATUS: 'NoneType' object is not subscriptable
ERROR GET STATUS: 'NoneType' object is not subscriptable
ERROR GET STATUS: 'NoneType' object is not subscriptable
ERROR GET STATUS: 'NoneType' object is not subscriptable
ERROR GET STATUS: 'NoneType' object is not subscriptable
ERROR GET STATUS: 'NoneType' object is not subscriptable
ERROR GET STATUS: 'NoneType' object is not subscriptable
ERROR GET STATUS: 'NoneType' object is not subscriptable
ERROR GET STATUS: 'NoneType' object is not subscriptable
ERROR GET STATUS: 'NoneType' object is not subscriptable
ERROR GET STATUS: 'NoneType' object is not subscriptable
ERROR GET STATUS: 'NoneType' object is not subscriptable
ERROR GET STATUS: 'NoneType' object is not subscriptable
ERROR GET STATUS: 'NoneType' object is not subscriptable
ERROR GET STATUS: 'NoneType' object is not subscriptable
ERROR GET STATUS: 'NoneType' object is not subscriptable
ERROR GET STATUS: 'NoneType' object is not subscriptable
ERROR GET STATUS: 'NoneType' object is not subscriptable
ERROR GET STATUS: 'NoneType' object is not subscriptable
ERROR GET STATUS: 'NoneType' object is not subscriptable
ERROR GET STATUS: 'NoneType' object is not subscriptable
ERROR GET STATUS: 'NoneType' object is not subscriptable
ERROR GET STATUS: 'NoneType' object is not subscriptable
ERROR GET STATUS: 'NoneType' object is not subscriptable
ERROR GET STATUS: 'NoneType' object is not subscriptable
ERROR GET STATUS: 'NoneType' object is not subscriptable
ERROR GET STATUS: 'NoneType' object is not subscriptable
ERROR GET STATUS: 'NoneType' object is not subscriptable
ERROR GET STATUS: 'NoneType' object is not subscriptable
ERROR GET STATUS: 'NoneType' object is not subscriptable
Pesquisando monstros...
Tem monstro
Já está atacando, vou aproveitar para                                castar uma spell
ERROR GET STATUS: 'NoneType' object is not subscriptable
ERROR GET STATUS: 'NoneType' object is not subscriptable
Pesquisando monstros...
Tem monstro
Já está atacando, vou aproveitar para                                castar uma spell
ERROR GET STATUS: 'NoneType' object is not subscriptable
ERROR GET STATUS: 'NoneType' object is not subscriptable
Pesquisando monstros...
Tem monstro
Já está atacando, vou aproveitar para                                castar uma spell
ERROR GET STATUS: 'NoneType' object is not subscriptable
ERROR GET STATUS: 'NoneType' object is not subscriptable
Pesquisando monstros...
Tem monstro
Já está atacando, vou aproveitar para                                castar uma spell
Iniciando o Bot Auto Attack
iniciando...
consultando 0001.png
{file} é png
iniciando...
Iniciando o Bot Auto Attack
consultando 0001.png
{file} é png
